[2016-09-07 07:46:30] Dramiel.INFO: Logger Initiated [] []
[2016-09-07 07:46:30] Dramiel.INFO: Creating users in dramiel.sqlite, since it does not exist [] []
[2016-09-07 07:46:31] Dramiel.INFO: Creating usersSeen in dramiel.sqlite, since it does not exist [] []
[2016-09-07 07:46:31] Dramiel.INFO: Creating storage in dramiel.sqlite, since it does not exist [] []
[2016-09-07 07:46:31] Dramiel.INFO: Creating shipFits in dramiel.sqlite, since it does not exist [] []
[2016-09-07 07:46:32] Dramiel.INFO: Updating CCP SQLite DB [] []
[2016-09-07 07:46:32] Dramiel.INFO: Downloading bz2 file and writing it to /home/Dramiel/test/src/lib/../../database/ccpData.sqlite.bz2 [] []
[2016-09-07 07:46:40] Dramiel.INFO: Opening bz2 file [] []
[2016-09-07 07:46:40] Dramiel.INFO: Reading from bz2 file [] []
[2016-09-07 07:47:03] Dramiel.INFO: Writing bz2 file contents into .sqlite file [] []
[2016-09-07 07:47:04] Dramiel.INFO: Flushing bz2 data from memory [] []
[2016-09-07 07:47:04] Dramiel.INFO: Memory in use: 1.1620330810547MB [] []
[2016-09-07 07:47:04] Dramiel.INFO: Memory in use after garbage collection: 1.1621170043945MB [] []
[2016-09-07 07:47:04] Dramiel.INFO: Deleting bz2 file [] []
[2016-09-07 07:47:04] Dramiel.INFO: Creating the mapAllCelestials view [] []
[2016-09-07 07:47:11] Dramiel.INFO: Loading background plugins [] []
[2016-09-07 07:47:11] Dramiel.INFO: Loaded: 1 background plugins [] []
[2016-09-07 07:47:11] Dramiel.INFO: Loading in chat plugins [] []
[2016-09-07 07:47:11] Dramiel.INFO: Loaded: 8 chat plugins [] []
[2016-09-07 07:47:12] Dramiel.INFO: Discord WebSocket is ready!  [] []
[2016-09-07 07:47:13] Dramiel.INFO: Logger Initiated [] []
[2016-09-07 07:47:13] Dramiel.INFO: CCP Database already up to date [] []
[2016-09-07 07:47:13] Dramiel.INFO: Loading background plugins [] []
[2016-09-07 07:47:14] Dramiel.INFO: Loaded: 1 background plugins [] []
[2016-09-07 07:47:14] Dramiel.INFO: Loading in chat plugins [] []
[2016-09-07 07:47:14] Dramiel.INFO: Loaded: 8 chat plugins [] []
[2016-09-07 07:47:17] Dramiel.INFO: Discord WebSocket is ready!  [] []
[2016-09-07 07:47:18] Dramiel.INFO: Logger Initiated [] []
[2016-09-07 07:47:18] Dramiel.INFO: CCP Database already up to date [] []
[2016-09-07 07:47:18] Dramiel.INFO: Loading background plugins [] []
[2016-09-07 07:47:19] Dramiel.INFO: Loaded: 1 background plugins [] []
[2016-09-07 07:47:19] Dramiel.INFO: Loading in chat plugins [] []
[2016-09-07 07:47:19] Dramiel.INFO: Loaded: 8 chat plugins [] []
[2016-09-07 07:47:39] Dramiel.INFO: Logger Initiated [] []
[2016-09-07 07:47:40] Dramiel.INFO: CCP Database already up to date [] []
[2016-09-07 07:47:40] Dramiel.INFO: Loading background plugins [] []
[2016-09-07 07:47:40] Dramiel.INFO: Loaded: 1 background plugins [] []
[2016-09-07 07:47:40] Dramiel.INFO: Loading in chat plugins [] []
[2016-09-07 07:47:40] Dramiel.INFO: Loaded: 8 chat plugins [] []
[2016-09-07 07:48:22] Dramiel.INFO: Discord WebSocket is ready!  [] []
[2016-09-07 07:48:23] Dramiel.INFO: Logger Initiated [] []
[2016-09-07 07:48:23] Dramiel.INFO: CCP Database already up to date [] []
[2016-09-07 07:48:23] Dramiel.INFO: Loading background plugins [] []
[2016-09-07 07:48:23] Dramiel.INFO: Loaded: 1 background plugins [] []
[2016-09-07 07:48:23] Dramiel.INFO: Loading in chat plugins [] []
[2016-09-07 07:48:24] Dramiel.INFO: Loaded: 8 chat plugins [] []
[2016-09-07 07:49:55] Dramiel.INFO: Logger Initiated [] []
[2016-09-07 07:49:55] Dramiel.INFO: CCP Database already up to date [] []
[2016-09-07 07:49:56] Dramiel.INFO: Loading background plugins [] []
[2016-09-07 07:49:56] Dramiel.INFO: Loaded: 1 background plugins [] []
[2016-09-07 07:49:56] Dramiel.INFO: Loading in chat plugins [] []
[2016-09-07 07:49:56] Dramiel.INFO: Loaded: 8 chat plugins [] []
[2016-09-07 07:50:37] Dramiel.INFO: Discord WebSocket is ready!  [] []
[2016-09-07 07:50:37] Dramiel.INFO: 221557323968020480 [] []
[2016-09-07 07:50:37] Dramiel.INFO: Testerino [] []
[2016-09-07 07:50:38] Dramiel.INFO: Logger Initiated [] []
[2016-09-07 07:50:39] Dramiel.INFO: CCP Database already up to date [] []
[2016-09-07 07:50:39] Dramiel.INFO: Loading background plugins [] []
[2016-09-07 07:50:39] Dramiel.INFO: Loaded: 1 background plugins [] []
[2016-09-07 07:50:39] Dramiel.INFO: Loading in chat plugins [] []
[2016-09-07 07:50:39] Dramiel.INFO: Loaded: 8 chat plugins [] []
